{"message":"somthing failed during startup","stack":"Error: somthing failed during startup\n    at Object.<anonymous> (C:\\Users\\Sharjeel MK\\Desktop\\Project- Build the Genres API\\index.js:31:7)\n    at Module._compile (internal/modules/cjs/loader.js:1137:30)\n    at Object.Module._extensions..js (internal/modules/cjs/loader.js:1157:10)\n    at Module.load (internal/modules/cjs/loader.js:985:32)\n    at Function.Module._load (internal/modules/cjs/loader.js:878:14)\n    at Function.executeUserEntryPoint [as runMain] (internal/modules/run_main.js:71:12)\n    at internal/main/run_main_module.js:17:47","level":"error","timestamp":"2020-09-29T10:27:05.298Z"}
{"message":"somthing gone miserably","stack":"Error: somthing gone miserably\n    at Object.<anonymous> (C:\\Users\\Sharjeel MK\\Desktop\\Project- Build the Genres API\\index.js:38:26)\n    at Module._compile (internal/modules/cjs/loader.js:1137:30)\n    at Object.Module._extensions..js (internal/modules/cjs/loader.js:1157:10)\n    at Module.load (internal/modules/cjs/loader.js:985:32)\n    at Function.Module._load (internal/modules/cjs/loader.js:878:14)\n    at Function.executeUserEntryPoint [as runMain] (internal/modules/run_main.js:71:12)\n    at internal/main/run_main_module.js:17:47","level":"error","timestamp":"2020-09-29T10:46:25.616Z"}
{"level":"info","message":"connected to monogoDB","timestamp":"2020-09-29T15:21:52.895Z"}
{"level":"info","message":"connected to monogoDB","timestamp":"2020-09-29T15:22:23.345Z"}
{"level":"info","message":"3000 listening","timestamp":"2020-10-05T09:15:12.786Z"}
{"level":"info","message":"connected to monogoDB mongodb://localhost/vidly_test","timestamp":"2020-10-05T09:15:12.929Z"}
{"level":"info","message":"3000 listening","timestamp":"2020-10-05T09:16:40.131Z"}
{"level":"info","message":"connected to monogoDB mongodb://localhost/vidly_test","timestamp":"2020-10-05T09:16:40.202Z"}
{"level":"info","message":"3000 listening","timestamp":"2020-10-05T09:38:19.360Z"}
{"level":"info","message":"connected to monogoDB mongodb://localhost/vidly_test","timestamp":"2020-10-05T09:38:19.452Z"}
{"level":"info","message":"3000 listening","timestamp":"2020-10-06T07:41:55.192Z"}
{"level":"info","message":"connected to monogoDB mongodb://localhost/vidly_test","timestamp":"2020-10-06T07:41:55.322Z"}
{"level":"info","message":"3000 listening","timestamp":"2020-10-06T07:43:51.927Z"}
{"level":"info","message":"connected to monogoDB mongodb://localhost/vidly_test","timestamp":"2020-10-06T07:43:51.987Z"}
{"level":"info","message":"3000 listening","timestamp":"2020-10-06T07:44:18.018Z"}
{"level":"info","message":"connected to monogoDB mongodb://localhost/vidly_test","timestamp":"2020-10-06T07:44:18.088Z"}
{"level":"info","message":"3000 listening","timestamp":"2020-10-06T07:46:32.521Z"}
{"level":"info","message":"connected to monogoDB mongodb://localhost/vidly_test","timestamp":"2020-10-06T07:46:32.590Z"}
{"level":"info","message":"3000 listening","timestamp":"2020-10-06T07:49:30.104Z"}
{"level":"info","message":"connected to monogoDB mongodb://localhost/vidly_test","timestamp":"2020-10-06T07:49:30.200Z"}
{"level":"info","message":"3000 listening","timestamp":"2020-10-06T07:53:11.829Z"}
{"level":"info","message":"connected to monogoDB mongodb://localhost/vidly_test","timestamp":"2020-10-06T07:53:11.897Z"}
{"level":"info","message":"3000 listening","timestamp":"2020-10-06T07:54:21.424Z"}
{"level":"info","message":"connected to monogoDB mongodb://localhost/vidly_test","timestamp":"2020-10-06T07:54:21.504Z"}
{"level":"info","message":"3000 listening","timestamp":"2020-10-06T07:54:48.051Z"}
{"level":"info","message":"connected to monogoDB mongodb://localhost/vidly_test","timestamp":"2020-10-06T07:54:48.121Z"}
{"level":"info","message":"3000 listening","timestamp":"2020-10-06T07:55:30.886Z"}
{"level":"info","message":"connected to monogoDB mongodb://localhost/vidly_test","timestamp":"2020-10-06T07:55:30.968Z"}
{"level":"info","message":"3000 listening","timestamp":"2020-10-06T08:04:23.526Z"}
{"level":"info","message":"connected to monogoDB mongodb://localhost/vidly_test","timestamp":"2020-10-06T08:04:23.585Z"}
{"level":"info","message":"3000 listening","timestamp":"2020-10-06T08:05:08.796Z"}
{"level":"info","message":"connected to monogoDB mongodb://localhost/vidly_test","timestamp":"2020-10-06T08:05:08.857Z"}
{"level":"info","message":"3000 listening","timestamp":"2020-10-06T08:06:01.372Z"}
{"level":"info","message":"connected to monogoDB mongodb://localhost/vidly_test","timestamp":"2020-10-06T08:06:01.466Z"}
{"level":"info","message":"3000 listening","timestamp":"2020-10-06T08:07:19.426Z"}
{"level":"info","message":"connected to monogoDB mongodb://localhost/vidly_test","timestamp":"2020-10-06T08:07:19.464Z"}
{"level":"info","message":"3000 listening","timestamp":"2020-10-06T08:08:25.778Z"}
{"level":"info","message":"connected to monogoDB mongodb://localhost/vidly_test","timestamp":"2020-10-06T08:08:25.852Z"}
{"level":"info","message":"3000 listening","timestamp":"2020-10-06T08:08:48.010Z"}
{"level":"info","message":"connected to monogoDB mongodb://localhost/vidly_test","timestamp":"2020-10-06T08:08:48.095Z"}
{"level":"info","message":"3000 listening","timestamp":"2020-10-06T08:09:18.429Z"}
{"level":"info","message":"connected to monogoDB mongodb://localhost/vidly_test","timestamp":"2020-10-06T08:09:18.495Z"}
{"level":"info","message":"3000 listening","timestamp":"2020-10-06T08:10:07.912Z"}
{"level":"info","message":"connected to monogoDB mongodb://localhost/vidly_test","timestamp":"2020-10-06T08:10:07.982Z"}
{"level":"info","message":"3000 listening","timestamp":"2020-10-06T08:39:14.700Z"}
{"level":"info","message":"connected to monogoDB mongodb://localhost/vidly_test","timestamp":"2020-10-06T08:39:14.741Z"}
{"level":"info","message":"3000 listening","timestamp":"2020-10-06T08:40:14.921Z"}
{"level":"info","message":"connected to monogoDB mongodb://localhost/vidly_test","timestamp":"2020-10-06T08:40:14.963Z"}
{"level":"info","message":"3000 listening","timestamp":"2020-10-06T08:41:14.760Z"}
{"level":"info","message":"connected to monogoDB mongodb://localhost/vidly_test","timestamp":"2020-10-06T08:41:14.815Z"}
{"level":"info","message":"3000 listening","timestamp":"2020-10-06T08:41:33.798Z"}
{"level":"info","message":"connected to monogoDB mongodb://localhost/vidly_test","timestamp":"2020-10-06T08:41:33.840Z"}
{"level":"info","message":"3000 listening","timestamp":"2020-10-06T08:43:23.422Z"}
{"level":"info","message":"connected to monogoDB mongodb://localhost/vidly_test","timestamp":"2020-10-06T08:43:23.462Z"}
{"level":"info","message":"3000 listening","timestamp":"2020-10-06T08:44:00.911Z"}
{"level":"info","message":"connected to monogoDB mongodb://localhost/vidly_test","timestamp":"2020-10-06T08:44:00.954Z"}
{"level":"info","message":"3000 listening","timestamp":"2020-10-06T08:45:36.050Z"}
{"level":"info","message":"connected to monogoDB mongodb://localhost/vidly_test","timestamp":"2020-10-06T08:45:36.086Z"}
{"level":"info","message":"3000 listening","timestamp":"2020-10-06T08:45:53.878Z"}
{"level":"info","message":"connected to monogoDB mongodb://localhost/vidly_test","timestamp":"2020-10-06T08:45:53.942Z"}
{"level":"info","message":"3000 listening","timestamp":"2020-10-06T08:46:23.904Z"}
{"level":"info","message":"connected to monogoDB mongodb://localhost/vidly_test","timestamp":"2020-10-06T08:46:23.942Z"}
